<?xml version="1.0" encoding="UTF-8"?>
<testsuite name="org.apache.tika.parser.rtf.RTFParserTest" time="4.608" tests="33" errors="0" skipped="0" failures="0">
  <properties>
    <property name="java.runtime.name" value="Java(TM) SE Runtime Environment"/>
    <property name="sun.boot.library.path" value="/Library/Java/JavaVirtualMachines/jdk1.8.0_45.jdk/Contents/Home/jre/lib"/>
    <property name="java.vm.version" value="25.45-b02"/>
    <property name="user.country.format" value="CA"/>
    <property name="gopherProxySet" value="false"/>
    <property name="java.vm.vendor" value="Oracle Corporation"/>
    <property name="maven.multiModuleProjectDirectory" value="/Users/colejackes/Desktop/Development/MachineLearning/tika-1.13"/>
    <property name="java.vendor.url" value="http://java.oracle.com/"/>
    <property name="path.separator" value=":"/>
    <property name="guice.disable.misplaced.annotation.check" value="true"/>
    <property name="java.vm.name" value="Java HotSpot(TM) 64-Bit Server VM"/>
    <property name="file.encoding.pkg" value="sun.io"/>
    <property name="user.country" value="US"/>
    <property name="sun.java.launcher" value="SUN_STANDARD"/>
    <property name="sun.os.patch.level" value="unknown"/>
    <property name="java.vm.specification.name" value="Java Virtual Machine Specification"/>
    <property name="user.dir" value="/Users/colejackes/Desktop/Development/MachineLearning/tika-1.13"/>
    <property name="java.runtime.version" value="1.8.0_45-b14"/>
    <property name="java.awt.graphicsenv" value="sun.awt.CGraphicsEnvironment"/>
    <property name="java.endorsed.dirs" value="/Library/Java/JavaVirtualMachines/jdk1.8.0_45.jdk/Contents/Home/jre/lib/endorsed"/>
    <property name="os.arch" value="x86_64"/>
    <property name="java.io.tmpdir" value="/var/folders/w_/99rcgk_n7dlcl5j6rry0nd980000gn/T/"/>
    <property name="line.separator" value="&#10;"/>
    <property name="java.vm.specification.vendor" value="Oracle Corporation"/>
    <property name="os.name" value="Mac OS X"/>
    <property name="classworlds.conf" value="/Applications/apache-maven-3.3.9/bin/m2.conf"/>
    <property name="sun.jnu.encoding" value="UTF-8"/>
    <property name="java.library.path" value="/Users/colejackes/Library/Java/Extensions:/Library/Java/Extensions:/Network/Library/Java/Extensions:/System/Library/Java/Extensions:/usr/lib/java:."/>
    <property name="java.specification.name" value="Java Platform API Specification"/>
    <property name="java.class.version" value="52.0"/>
    <property name="sun.management.compiler" value="HotSpot 64-Bit Tiered Compilers"/>
    <property name="os.version" value="10.11.4"/>
    <property name="http.nonProxyHosts" value="local|*.local|169.254/16|*.169.254/16"/>
    <property name="user.home" value="/Users/colejackes"/>
    <property name="user.timezone" value="America/Toronto"/>
    <property name="java.awt.printerjob" value="sun.lwawt.macosx.CPrinterJob"/>
    <property name="java.specification.version" value="1.8"/>
    <property name="file.encoding" value="UTF-8"/>
    <property name="user.name" value="colejackes"/>
    <property name="java.class.path" value="/Applications/apache-maven-3.3.9/boot/plexus-classworlds-2.5.2.jar"/>
    <property name="java.vm.specification.version" value="1.8"/>
    <property name="sun.arch.data.model" value="64"/>
    <property name="java.home" value="/Library/Java/JavaVirtualMachines/jdk1.8.0_45.jdk/Contents/Home/jre"/>
    <property name="sun.java.command" value="org.codehaus.plexus.classworlds.launcher.Launcher clean install"/>
    <property name="java.specification.vendor" value="Oracle Corporation"/>
    <property name="user.language" value="en"/>
    <property name="awt.toolkit" value="sun.lwawt.macosx.LWCToolkit"/>
    <property name="java.vm.info" value="mixed mode"/>
    <property name="java.version" value="1.8.0_45"/>
    <property name="java.ext.dirs" value="/Users/colejackes/Library/Java/Extensions:/Library/Java/JavaVirtualMachines/jdk1.8.0_45.jdk/Contents/Home/jre/lib/ext:/Library/Java/Extensions:/Network/Library/Java/Extensions:/System/Library/Java/Extensions:/usr/lib/java"/>
    <property name="sun.boot.class.path" value="/Library/Java/JavaVirtualMachines/jdk1.8.0_45.jdk/Contents/Home/jre/lib/resources.jar:/Library/Java/JavaVirtualMachines/jdk1.8.0_45.jdk/Contents/Home/jre/lib/rt.jar:/Library/Java/JavaVirtualMachines/jdk1.8.0_45.jdk/Contents/Home/jre/lib/sunrsasign.jar:/Library/Java/JavaVirtualMachines/jdk1.8.0_45.jdk/Contents/Home/jre/lib/jsse.jar:/Library/Java/JavaVirtualMachines/jdk1.8.0_45.jdk/Contents/Home/jre/lib/jce.jar:/Library/Java/JavaVirtualMachines/jdk1.8.0_45.jdk/Contents/Home/jre/lib/charsets.jar:/Library/Java/JavaVirtualMachines/jdk1.8.0_45.jdk/Contents/Home/jre/lib/jfr.jar:/Library/Java/JavaVirtualMachines/jdk1.8.0_45.jdk/Contents/Home/jre/classes"/>
    <property name="java.vendor" value="Oracle Corporation"/>
    <property name="maven.home" value="/Applications/apache-maven-3.3.9"/>
    <property name="file.separator" value="/"/>
    <property name="java.vendor.url.bug" value="http://bugreport.sun.com/bugreport/"/>
    <property name="sun.cpu.endian" value="little"/>
    <property name="sun.io.unicode.encoding" value="UnicodeBig"/>
    <property name="socksNonProxyHosts" value="local|*.local|169.254/16|*.169.254/16"/>
    <property name="ftp.nonProxyHosts" value="local|*.local|169.254/16|*.169.254/16"/>
    <property name="sun.cpu.isalist" value=""/>
  </properties>
  <testcase name="testWordPadCzechCharactersExtraction" classname="org.apache.tika.parser.rtf.RTFParserTest" time="0.031"/>
  <testcase name="testMetaDataCounts" classname="org.apache.tika.parser.rtf.RTFParserTest" time="0.1"/>
  <testcase name="testInvalidUnicode" classname="org.apache.tika.parser.rtf.RTFParserTest" time="0.019"/>
  <testcase name="testEmbeddedLinkedDocument" classname="org.apache.tika.parser.rtf.RTFParserTest" time="0.128"/>
  <testcase name="testListMicrosoftWord" classname="org.apache.tika.parser.rtf.RTFParserTest" time="0.016"/>
  <testcase name="testListOverride" classname="org.apache.tika.parser.rtf.RTFParserTest" time="0.018"/>
  <testcase name="testBoldItalic" classname="org.apache.tika.parser.rtf.RTFParserTest" time="0.04"/>
  <testcase name="testTextWithCurlyBraces" classname="org.apache.tika.parser.rtf.RTFParserTest" time="0.004"/>
  <testcase name="testUmlautSpacesExtraction" classname="org.apache.tika.parser.rtf.RTFParserTest" time="0.003"/>
  <testcase name="testVariousStyle" classname="org.apache.tika.parser.rtf.RTFParserTest" time="0.024"/>
  <testcase name="testMS932Extraction" classname="org.apache.tika.parser.rtf.RTFParserTest" time="0.011"/>
  <testcase name="testWord2010CzechCharactersExtraction" classname="org.apache.tika.parser.rtf.RTFParserTest" time="0.044"/>
  <testcase name="testHexEscapeInsideWord" classname="org.apache.tika.parser.rtf.RTFParserTest" time="0.023"/>
  <testcase name="testUmlautSpacesExtraction2" classname="org.apache.tika.parser.rtf.RTFParserTest" time="0.001"/>
  <testcase name="testVarious" classname="org.apache.tika.parser.rtf.RTFParserTest" time="0.005"/>
  <testcase name="testMaxLength" classname="org.apache.tika.parser.rtf.RTFParserTest" time="0.026"/>
  <testcase name="testListLibreOffice" classname="org.apache.tika.parser.rtf.RTFParserTest" time="0.016"/>
  <testcase name="testFontAfterBufferedText" classname="org.apache.tika.parser.rtf.RTFParserTest" time="0.029"/>
  <testcase name="testTableCellSeparation" classname="org.apache.tika.parser.rtf.RTFParserTest" time="0.015"/>
  <testcase name="testControls" classname="org.apache.tika.parser.rtf.RTFParserTest" time="0.024"/>
  <testcase name="testCorruptListOverride" classname="org.apache.tika.parser.rtf.RTFParserTest" time="0.002"/>
  <testcase name="testJapaneseText" classname="org.apache.tika.parser.rtf.RTFParserTest" time="0.004"/>
  <testcase name="testUnicodeUCNControlWordCharacterDoublingExtraction" classname="org.apache.tika.parser.rtf.RTFParserTest" time="0.014"/>
  <testcase name="testRegularImages" classname="org.apache.tika.parser.rtf.RTFParserTest" time="0.136"/>
  <testcase name="testIgnoredControlWord" classname="org.apache.tika.parser.rtf.RTFParserTest" time="0.027"/>
  <testcase name="testEmbeddedMonster" classname="org.apache.tika.parser.rtf.RTFParserTest" time="3.561"/>
  <testcase name="testBinControlWord" classname="org.apache.tika.parser.rtf.RTFParserTest" time="0.078"/>
  <testcase name="testGothic" classname="org.apache.tika.parser.rtf.RTFParserTest" time="0.037"/>
  <testcase name="testHyperlink" classname="org.apache.tika.parser.rtf.RTFParserTest" time="0.097"/>
  <testcase name="testWindowsCodepage1250" classname="org.apache.tika.parser.rtf.RTFParserTest" time="0.01"/>
  <testcase name="testTableCellSeparation2" classname="org.apache.tika.parser.rtf.RTFParserTest" time="0.001"/>
  <testcase name="testMultipleNewlines" classname="org.apache.tika.parser.rtf.RTFParserTest" time="0.034"/>
  <testcase name="testBasicExtraction" classname="org.apache.tika.parser.rtf.RTFParserTest" time="0.03"/>
</testsuite>